GetPagos: Par치metros correctos
GetPagos: UserFileSystem correcto
GetPagos: Par치metros correctos
GetPagos: UserFileSystem correcto
SaveGrid: Par치metros correctos
SaveGrid: UserFileSystem correcto
SaveGrid: Registro cargado correctamente
SaveGrid: Registro salvado correctamente
SaveGrid: Registro cargado correctamente
SaveGrid: Registro salvado correctamente
SaveGrid: Registro cargado correctamente
SaveGrid: Registro salvado correctamente
SaveGrid: Registro cargado correctamente
SaveGrid: Registro salvado correctamente
SaveGrid: Registro cargado correctamente
SaveGrid: Registro salvado correctamente
SaveGrid: Par치metros correctos
SaveGrid: UserFileSystem correcto
SaveGrid: Registro cargado correctamente
SaveGrid: Registro salvado correctamente
SaveGrid: Registro cargado correctamente
SaveGrid: Registro salvado correctamente
SaveGrid: Registro cargado correctamente
SaveGrid: Registro salvado correctamente
SaveGrid: Registro cargado correctamente
SaveGrid: Registro salvado correctamente
SaveGrid: Registro cargado correctamente
SaveGrid: Registro salvado correctamente
