GetPagos: Parámetros correctos
GetPagos: UserFileSystem correcto
SaveGrid: Parámetros correctos
SaveGrid: UserFileSystem correcto
SaveGrid: Registro cargado correctamente
SaveGrid: Registro salvado correctamente
SaveGrid: Registro cargado correctamente
SaveGrid: Registro salvado correctamente
SaveGrid: Registro cargado correctamente
SaveGrid: Registro salvado correctamente
SaveGrid: Registro cargado correctamente
SaveGrid: Registro salvado correctamente
SaveGrid: Registro cargado correctamente
SaveGrid: Registro salvado correctamente
SaveGrid: Parámetros correctos
SaveGrid: UserFileSystem correcto
SaveGrid: Registro cargado correctamente
SaveGrid: Registro salvado correctamente
SaveGrid: Registro cargado correctamente
SaveGrid: Registro salvado correctamente
SaveGrid: Registro cargado correctamente
SaveGrid: Registro salvado correctamente
SaveGrid: Registro cargado correctamente
SaveGrid: Registro salvado correctamente
SaveGrid: Registro cargado correctamente
SaveGrid: Registro salvado correctamente
